Removed Pin From Net: NetName=GND Pin=C1-1
Removed Pin From Net: NetName=+3V3 Pin=C2-1
Removed Pin From Net: NetName=GND Pin=C2-2
Removed Pin From Net: NetName=+3V3 Pin=C4-1
Removed Pin From Net: NetName=GND Pin=C4-2
Removed Pin From Net: NetName=GND Pin=C5-2
Removed Pin From Net: NetName=GND Pin=C6-2
Removed Pin From Net: NetName=+3V3 Pin=C7-1
Removed Pin From Net: NetName=GND Pin=C7-2
Removed Pin From Net: NetName=GND Pin=C8-1
Removed Pin From Net: NetName=+3V3 Pin=C8-2
Removed Pin From Net: NetName=GND Pin=C9-1
Removed Pin From Net: NetName=GND Pin=C10-1
Removed Pin From Net: NetName=+3V3 Pin=C11-1
Removed Pin From Net: NetName=GND Pin=C11-2
Removed Pin From Net: NetName=+3V3 Pin=C12-1
Removed Pin From Net: NetName=GND Pin=C12-2
Removed Pin From Net: NetName=GND Pin=C13-1
Removed Pin From Net: NetName=+3V3 Pin=C13-2
Removed Pin From Net: NetName=GND Pin=C14-1
Removed Pin From Net: NetName=GND Pin=C15-1
Removed Pin From Net: NetName=+3V3 Pin=C15-2
Removed Pin From Net: NetName=+3V3 Pin=C16-1
Removed Pin From Net: NetName=GND Pin=C16-2
Removed Pin From Net: NetName=GND Pin=C17-1
Removed Pin From Net: NetName=GND Pin=C18-1
Removed Pin From Net: NetName=+3V3 Pin=C19-1
Removed Pin From Net: NetName=GND Pin=C19-2
Removed Pin From Net: NetName=+3V3 Pin=C20-1
Removed Pin From Net: NetName=GND Pin=C20-2
Removed Pin From Net: NetName=+3V3 Pin=C21-1
Removed Pin From Net: NetName=GND Pin=C21-2
Removed Pin From Net: NetName=+3V3 Pin=C22-1
Removed Pin From Net: NetName=GND Pin=C22-2
Removed Pin From Net: NetName=+3V3 Pin=C23-1
Removed Pin From Net: NetName=GND Pin=C23-2
Removed Pin From Net: NetName=+3V3 Pin=C24-1
Removed Pin From Net: NetName=GND Pin=C24-2
Removed Pin From Net: NetName=+3V3 Pin=C25-1
Removed Pin From Net: NetName=GND Pin=C25-2
Removed Pin From Net: NetName=+3V3 Pin=C26-1
Removed Pin From Net: NetName=GND Pin=C26-2
Removed Pin From Net: NetName=+3V3 Pin=C27-1
Removed Pin From Net: NetName=GND Pin=C27-2
Removed Pin From Net: NetName=+3V3 Pin=C28-1
Removed Pin From Net: NetName=GND Pin=C28-2
Removed Pin From Net: NetName=+3V3 Pin=C29-1
Removed Pin From Net: NetName=GND Pin=C29-2
Removed Pin From Net: NetName=GND Pin=C30-1
Removed Pin From Net: NetName=GND Pin=C31-2
Removed Pin From Net: NetName=GND Pin=C35_MOTOR1-2
Removed Pin From Net: NetName=GND Pin=C35_MOTOR2-2
Removed Pin From Net: NetName=GND Pin=C35_MOTOR3-2
Removed Pin From Net: NetName=GND Pin=C35_MOTOR4-2
Removed Pin From Net: NetName=GND Pin=C38-2
Removed Pin From Net: NetName=GND Pin=C39-1
Removed Pin From Net: NetName=GND Pin=C40-1
Removed Pin From Net: NetName=GND Pin=C41-1
Removed Pin From Net: NetName=+3V3 Pin=C42-1
Removed Pin From Net: NetName=GND Pin=C42-2
Removed Pin From Net: NetName=GND Pin=C43-2
Removed Pin From Net: NetName=+3V3 Pin=C44-1
Removed Pin From Net: NetName=GND Pin=C44-2
Removed Pin From Net: NetName=+3V3 Pin=C45-1
Removed Pin From Net: NetName=GND Pin=C45-2
Removed Pin From Net: NetName=GND Pin=C46-2
Removed Pin From Net: NetName=GND Pin=C47-2
Removed Pin From Net: NetName=GND Pin=C48-2
Removed Pin From Net: NetName=GND Pin=C49-2
Removed Pin From Net: NetName=GND Pin=C50-1
Removed Pin From Net: NetName=+3V3 Pin=C51-1
Removed Pin From Net: NetName=GND Pin=C51-2
Removed Pin From Net: NetName=+3V3 Pin=C52-1
Removed Pin From Net: NetName=GND Pin=C52-2
Removed Pin From Net: NetName=GND Pin=C53-1
Removed Pin From Net: NetName=+3V3 Pin=C54-1
Removed Pin From Net: NetName=GND Pin=C54-2
Removed Pin From Net: NetName=GND Pin=C56_MOTOR1-2
Removed Pin From Net: NetName=GND Pin=C56_MOTOR2-2
Removed Pin From Net: NetName=GND Pin=C56_MOTOR3-2
Removed Pin From Net: NetName=GND Pin=C56_MOTOR4-2
Removed Pin From Net: NetName=+3V3 Pin=C57_MOTOR1-1
Removed Pin From Net: NetName=GND Pin=C57_MOTOR1-2
Removed Pin From Net: NetName=+3V3 Pin=C57_MOTOR2-1
Removed Pin From Net: NetName=GND Pin=C57_MOTOR2-2
Removed Pin From Net: NetName=+3V3 Pin=C57_MOTOR3-1
Removed Pin From Net: NetName=GND Pin=C57_MOTOR3-2
Removed Pin From Net: NetName=+3V3 Pin=C57_MOTOR4-1
Removed Pin From Net: NetName=GND Pin=C57_MOTOR4-2
Removed Pin From Net: NetName=GND Pin=C59_MOTOR1-2
Removed Pin From Net: NetName=GND Pin=C59_MOTOR2-2
Removed Pin From Net: NetName=GND Pin=C59_MOTOR3-2
Removed Pin From Net: NetName=GND Pin=C59_MOTOR4-2
Removed Pin From Net: NetName=GND Pin=C60-1
Removed Pin From Net: NetName=+3V3 Pin=C62-1
Removed Pin From Net: NetName=GND Pin=C62-2
Removed Pin From Net: NetName=GND Pin=C63-2
Removed Pin From Net: NetName=+3V3 Pin=C64-1
Removed Pin From Net: NetName=GND Pin=C64-2
Removed Pin From Net: NetName=GND Pin=C65-2
Removed Pin From Net: NetName=GND Pin=C66-2
Removed Pin From Net: NetName=GND Pin=C67-1
Removed Pin From Net: NetName=GND Pin=C68-2
Removed Pin From Net: NetName=GND Pin=C69-2
Removed Pin From Net: NetName=GND Pin=C77-1
Removed Pin From Net: NetName=GND Pin=C78-1
Removed Pin From Net: NetName=GND Pin=C79-1
Removed Pin From Net: NetName=GND Pin=C80-1
Removed Pin From Net: NetName=+3V3 Pin=C81-1
Removed Pin From Net: NetName=GND Pin=C81-2
Removed Pin From Net: NetName=GND Pin=C82-1
Removed Pin From Net: NetName=GND Pin=C83-1
Removed Pin From Net: NetName=GND Pin=C84-1
Removed Pin From Net: NetName=GND Pin=C85-1
Removed Pin From Net: NetName=GND Pin=D1-1
Removed Pin From Net: NetName=GND Pin=D2-2
Removed Pin From Net: NetName=GND Pin=D3-2
Removed Pin From Net: NetName=GND Pin=D4-2
Removed Pin From Net: NetName=GND Pin=D7-1
Removed Pin From Net: NetName=GND Pin=D8-1
Removed Pin From Net: NetName=GND Pin=D9-1
Removed Pin From Net: NetName=GND Pin=D10-1
Removed Pin From Net: NetName=GND Pin=D11-1
Removed Pin From Net: NetName=GND Pin=D15_MOTOR1-2
Removed Pin From Net: NetName=GND Pin=D15_MOTOR2-2
Removed Pin From Net: NetName=GND Pin=D15_MOTOR3-2
Removed Pin From Net: NetName=GND Pin=D15_MOTOR4-2
Removed Pin From Net: NetName=GND Pin=D16_MOTOR1-2
Removed Pin From Net: NetName=GND Pin=D16_MOTOR2-2
Removed Pin From Net: NetName=GND Pin=D16_MOTOR3-2
Removed Pin From Net: NetName=GND Pin=D16_MOTOR4-2
Removed Pin From Net: NetName=GND Pin=D17-1
Removed Pin From Net: NetName=GND Pin=D17-2
Removed Pin From Net: NetName=GND Pin=D18-2
Removed Pin From Net: NetName=GND Pin=D19-2
Removed Pin From Net: NetName=GND Pin=D20-2
Removed Pin From Net: NetName=GND Pin=D21-2
Removed Pin From Net: NetName=GND Pin=DS1-2
Removed Pin From Net: NetName=+VBAT Pin=F1-1
Removed Pin From Net: NetName=+VBAT_MOTOR1 Pin=F2-1
Removed Pin From Net: NetName=+VBAT_MOTOR2 Pin=F3-1
Removed Pin From Net: NetName=+3V3 Pin=FB1-1
Removed Pin From Net: NetName=GND Pin=IC2-2
Removed Pin From Net: NetName=+3V3 Pin=IC2-3
Removed Pin From Net: NetName=GND Pin=IC3-2
Removed Pin From Net: NetName=+3V3 Pin=IC3-3
Removed Pin From Net: NetName=GND Pin=IC5-2
Removed Pin From Net: NetName=+3V3 Pin=IC5-3
Removed Pin From Net: NetName=GND Pin=IC6_MOTOR1-3
Removed Pin From Net: NetName=GND Pin=IC6_MOTOR1-5
Removed Pin From Net: NetName=GND Pin=IC6_MOTOR1-7
Removed Pin From Net: NetName=+3V3 Pin=IC6_MOTOR1-9
Removed Pin From Net: NetName=GND Pin=IC6_MOTOR2-3
Removed Pin From Net: NetName=GND Pin=IC6_MOTOR2-5
Removed Pin From Net: NetName=GND Pin=IC6_MOTOR2-7
Removed Pin From Net: NetName=+3V3 Pin=IC6_MOTOR2-9
Removed Pin From Net: NetName=GND Pin=IC6_MOTOR3-3
Removed Pin From Net: NetName=GND Pin=IC6_MOTOR3-5
Removed Pin From Net: NetName=GND Pin=IC6_MOTOR3-7
Removed Pin From Net: NetName=+3V3 Pin=IC6_MOTOR3-9
Removed Pin From Net: NetName=GND Pin=IC6_MOTOR4-3
Removed Pin From Net: NetName=GND Pin=IC6_MOTOR4-5
Removed Pin From Net: NetName=GND Pin=IC6_MOTOR4-7
Removed Pin From Net: NetName=+3V3 Pin=IC6_MOTOR4-9
Removed Pin From Net: NetName=GND Pin=IC7_MOTOR1-4
Removed Pin From Net: NetName=GND Pin=IC7_MOTOR2-4
Removed Pin From Net: NetName=GND Pin=IC7_MOTOR3-4
Removed Pin From Net: NetName=GND Pin=IC7_MOTOR4-4
Removed Pin From Net: NetName=GND Pin=IC8_MOTOR1-4
Removed Pin From Net: NetName=GND Pin=IC8_MOTOR2-4
Removed Pin From Net: NetName=GND Pin=IC8_MOTOR3-4
Removed Pin From Net: NetName=GND Pin=IC8_MOTOR4-4
Removed Pin From Net: NetName=GND Pin=IC9-7
Removed Pin From Net: NetName=GND Pin=IC9-10
Removed Pin From Net: NetName=GND Pin=IC9-12
Removed Pin From Net: NetName=GND Pin=IC9-13
Removed Pin From Net: NetName=+3V3 Pin=IC9-22
Removed Pin From Net: NetName=+3V3 Pin=IC9-23
Removed Pin From Net: NetName=GND Pin=IC9-24
Removed Pin From Net: NetName=GND Pin=IC10-1
Removed Pin From Net: NetName=GND Pin=IC10-10
Removed Pin From Net: NetName=GND Pin=IC10-19
Removed Pin From Net: NetName=+3V3 Pin=IC10-20
Removed Pin From Net: NetName=GND Pin=IC11-1
Removed Pin From Net: NetName=GND Pin=IC11-2
Removed Pin From Net: NetName=GND Pin=J3-01
Removed Pin From Net: NetName=+3V3 Pin=J3-05
Removed Pin From Net: NetName=GND Pin=J5-2
Removed Pin From Net: NetName=GND Pin=J5-3
Removed Pin From Net: NetName=GND Pin=J5-4
Removed Pin From Net: NetName=GND Pin=J5-5
Removed Pin From Net: NetName=+3V3 Pin=J6-1
Removed Pin From Net: NetName=GND Pin=J10-2
Removed Pin From Net: NetName=GND Pin=J10-3
Removed Pin From Net: NetName=GND Pin=J10-4
Removed Pin From Net: NetName=GND Pin=J10-5
Removed Pin From Net: NetName=GND Pin=J15-1
Removed Pin From Net: NetName=GND Pin=J32-1
Removed Pin From Net: NetName=GND Pin=J37-1
Removed Pin From Net: NetName=GND Pin=J38-1
Removed Pin From Net: NetName=UART_RX Pin=J45-1
Removed Pin From Net: NetName=UART_TX Pin=J54-1
Removed Pin From Net: NetName=GND Pin=J55-1
Removed Pin From Net: NetName=GND Pin=J56-1
Removed Pin From Net: NetName=+3V3 Pin=L2-2
Removed Pin From Net: NetName=GND Pin=L6-1
Removed Pin From Net: NetName=GND Pin=Q3_MOTOR1-3
Removed Pin From Net: NetName=GND Pin=Q3_MOTOR2-3
Removed Pin From Net: NetName=GND Pin=Q3_MOTOR3-3
Removed Pin From Net: NetName=GND Pin=Q3_MOTOR4-3
Removed Pin From Net: NetName=GND Pin=Q4_MOTOR1-3
Removed Pin From Net: NetName=GND Pin=Q4_MOTOR2-3
Removed Pin From Net: NetName=GND Pin=Q4_MOTOR3-3
Removed Pin From Net: NetName=GND Pin=Q4_MOTOR4-3
Removed Pin From Net: NetName=+3V3 Pin=R3-2
Removed Pin From Net: NetName=GND Pin=R4-1
Removed Pin From Net: NetName=GND Pin=R5-1
Removed Pin From Net: NetName=GND Pin=R7-1
Removed Pin From Net: NetName=+3V3 Pin=R12-2
Removed Pin From Net: NetName=+3V3 Pin=R13-2
Removed Pin From Net: NetName=+3V3 Pin=R14-2
Removed Pin From Net: NetName=+3V3 Pin=R15-2
Removed Pin From Net: NetName=+3V3 Pin=R16-2
Removed Pin From Net: NetName=+3V3 Pin=R17-2
Removed Pin From Net: NetName=GND Pin=R18-1
Removed Pin From Net: NetName=GND Pin=R27_MOTOR1-1
Removed Pin From Net: NetName=GND Pin=R27_MOTOR2-1
Removed Pin From Net: NetName=GND Pin=R27_MOTOR3-1
Removed Pin From Net: NetName=GND Pin=R27_MOTOR4-1
Removed Pin From Net: NetName=GND Pin=R29_MOTOR1-1
Removed Pin From Net: NetName=GND Pin=R29_MOTOR2-1
Removed Pin From Net: NetName=GND Pin=R29_MOTOR3-1
Removed Pin From Net: NetName=GND Pin=R29_MOTOR4-1
Removed Pin From Net: NetName=+3V3 Pin=R31-2
Removed Pin From Net: NetName=+3V3 Pin=R32-2
Removed Pin From Net: NetName=+3V3 Pin=R48-2
Removed Pin From Net: NetName=GND Pin=R89-1
Removed Pin From Net: NetName=GND Pin=R96-1
Removed Pin From Net: NetName=GND Pin=R97-1
Removed Pin From Net: NetName=GND Pin=R98-1
Removed Pin From Net: NetName=GND Pin=R99-1
Removed Pin From Net: NetName=AERO_CON Pin=R106-1
Removed Pin From Net: NetName=+3V3 Pin=R106-2
Removed Pin From Net: NetName=AERO_CON Pin=R107-2
Removed Pin From Net: NetName=+3V3 Pin=R108_MOTOR1-2
Removed Pin From Net: NetName=+3V3 Pin=R108_MOTOR2-2
Removed Pin From Net: NetName=+3V3 Pin=R108_MOTOR3-2
Removed Pin From Net: NetName=+3V3 Pin=R108_MOTOR4-2
Removed Pin From Net: NetName=+3V3 Pin=R111_MOTOR1-2
Removed Pin From Net: NetName=+3V3 Pin=R111_MOTOR2-2
Removed Pin From Net: NetName=+3V3 Pin=R111_MOTOR3-2
Removed Pin From Net: NetName=+3V3 Pin=R111_MOTOR4-2
Removed Pin From Net: NetName=GND Pin=R112_MOTOR1-1
Removed Pin From Net: NetName=GND Pin=R112_MOTOR2-1
Removed Pin From Net: NetName=GND Pin=R112_MOTOR3-1
Removed Pin From Net: NetName=GND Pin=R112_MOTOR4-1
Removed Pin From Net: NetName=+3V3 Pin=R115-2
Removed Pin From Net: NetName=+3V3 Pin=R119-2
Removed Pin From Net: NetName=+3V3 Pin=R120-2
Removed Pin From Net: NetName=+3V3 Pin=R144-2
Removed Pin From Net: NetName=FDC1_CONN Pin=R147-1
Removed Pin From Net: NetName=+3V3 Pin=R147-2
Removed Pin From Net: NetName=FDC2_CONN Pin=R148-1
Removed Pin From Net: NetName=+3V3 Pin=R148-2
Removed Pin From Net: NetName=FDC3_CONN Pin=R149-1
Removed Pin From Net: NetName=+3V3 Pin=R149-2
Removed Pin From Net: NetName=FDC4_CONN Pin=R150-1
Removed Pin From Net: NetName=+3V3 Pin=R150-2
Removed Pin From Net: NetName=FDC1_CONN Pin=R151-2
Removed Pin From Net: NetName=FDC2_CONN Pin=R152-2
Removed Pin From Net: NetName=FDC3_CONN Pin=R153-2
Removed Pin From Net: NetName=FDC4_CONN Pin=R154-2
Removed Pin From Net: NetName=FDC5_CONN Pin=R155-1
Removed Pin From Net: NetName=+3V3 Pin=R155-2
Removed Pin From Net: NetName=FDC6_CONN Pin=R156-1
Removed Pin From Net: NetName=+3V3 Pin=R156-2
Removed Pin From Net: NetName=FDC7_CONN Pin=R157-1
Removed Pin From Net: NetName=+3V3 Pin=R157-2
Removed Pin From Net: NetName=FDC8_CONN Pin=R158-1
Removed Pin From Net: NetName=+3V3 Pin=R158-2
Removed Pin From Net: NetName=FDC5_CONN Pin=R159-2
Removed Pin From Net: NetName=FDC6_CONN Pin=R160-2
Removed Pin From Net: NetName=FDC7_CONN Pin=R161-2
Removed Pin From Net: NetName=FDC8_CONN Pin=R162-2
Removed Pin From Net: NetName=+3V3 Pin=R163-2
Removed Pin From Net: NetName=+3V3 Pin=R164-2
Removed Pin From Net: NetName=+3V3 Pin=R165-2
Removed Pin From Net: NetName=+3V3 Pin=R166-2
Removed Pin From Net: NetName=+3V3 Pin=R167-2
Removed Pin From Net: NetName=GND Pin=SD1-3
Removed Pin From Net: NetName=+3V3 Pin=SD1-4
Removed Pin From Net: NetName=GND Pin=SD1-6
Removed Pin From Net: NetName=GND Pin=SD1-14
Removed Pin From Net: NetName=GND Pin=SD1-15
Removed Pin From Net: NetName=GND Pin=SD1-16
Removed Pin From Net: NetName=GND Pin=SD1-17
Removed Pin From Net: NetName=GND Pin=SD1-18
Removed Pin From Net: NetName=GND Pin=SW1-3
Removed Pin From Net: NetName=GND Pin=SW1-4
Removed Pin From Net: NetName=GND Pin=U1-3
Removed Pin From Net: NetName=+3V3 Pin=U1-5
Removed Pin From Net: NetName=GND Pin=U2-1
Removed Pin From Net: NetName=+3V3 Pin=U2-8
Removed Pin From Net: NetName=+3V3 Pin=U2-9
Removed Pin From Net: NetName=GND Pin=U2-11
Removed Pin From Net: NetName=+3V3 Pin=U2-13
Removed Pin From Net: NetName=GND Pin=U2-18
Removed Pin From Net: NetName=GND Pin=U2-25
Removed Pin From Net: NetName=GND Pin=U3-1
Removed Pin From Net: NetName=+3V3 Pin=U3-2
Removed Pin From Net: NetName=GND Pin=U3-5
Removed Pin From Net: NetName=+3V3 Pin=U3-6
Removed Pin From Net: NetName=GND Pin=U3-7
Removed Pin From Net: NetName=+3V3 Pin=U3-8
Removed Pin From Net: NetName=DIO2_IHM Pin=U4-5
Removed Pin From Net: NetName=DIO3_IHM Pin=U4-7
Removed Pin From Net: NetName=DIO4_IHM Pin=U4-8
Removed Pin From Net: NetName=DIO1_IHM Pin=U4-9
Removed Pin From Net: NetName=GND Pin=U4-16
Removed Pin From Net: NetName=+3V3 Pin=U4-17
Removed Pin From Net: NetName=+3V3 Pin=U4-30
Removed Pin From Net: NetName=GND Pin=U4-31
Removed Pin From Net: NetName=GND Pin=U4-38
Removed Pin From Net: NetName=+3V3 Pin=U4-39
Removed Pin From Net: NetName=GND Pin=U4-51
Removed Pin From Net: NetName=+3V3 Pin=U4-52
Removed Pin From Net: NetName=GND Pin=U4-61
Removed Pin From Net: NetName=+3V3 Pin=U4-62
Removed Pin From Net: NetName=+3V3 Pin=U4-72
Removed Pin From Net: NetName=GND Pin=U4-83
Removed Pin From Net: NetName=+3V3 Pin=U4-84
Removed Pin From Net: NetName=GND Pin=U4-94
Removed Pin From Net: NetName=+3V3 Pin=U4-95
Removed Pin From Net: NetName=GND Pin=U4-107
Removed Pin From Net: NetName=+3V3 Pin=U4-108
Removed Pin From Net: NetName=GND Pin=U4-120
Removed Pin From Net: NetName=+3V3 Pin=U4-121
Removed Pin From Net: NetName=GND Pin=U4-130
Removed Pin From Net: NetName=+3V3 Pin=U4-131
Removed Pin From Net: NetName=+3V3 Pin=U4-144
Removed Pin From Net: NetName=GND Pin=U5-7
Removed Pin From Net: NetName=GND Pin=U7-5
Removed Pin From Net: NetName=+3V3 Pin=U11-3
Removed Pin From Net: NetName=+3V3 Pin=U11-14
Removed Pin From Net: NetName=GND Pin=U11-15
Removed Pin From Net: NetName=GND Pin=U11-23
Removed Pin From Net: NetName=+3V3 Pin=U11-24
Removed Pin From Net: NetName=GND Pin=U11-26
Removed Pin From Net: NetName=GND Pin=U11-29
Removed Pin From Net: NetName=GND Pin=X1-2
Removed Pin From Net: NetName=GND Pin=X1-4
Removed Pin From Net: NetName=GND Pin=Y1-2
Removed Pin From Net: NetName=GND Pin=Y1-4
Removed Pin From Net: NetName=GND Pin=Y2-A1
Removed Pin From Net: NetName=GND Pin=Y2-C1
Removed Member From Class: ClassName=MAIN Member=J4
Removed Member From Class: ClassName=MAIN Member=J6
Removed Member From Class: ClassName=MAIN Member=J9
Removed Member From Class: ClassName=MAIN Member=J11
Removed Member From Class: ClassName=MAIN Member=J12
Removed Member From Class: ClassName=MAIN Member=J13
Removed Member From Class: ClassName=MAIN Member=J14
Removed Member From Class: ClassName=MAIN Member=J15
Removed Member From Class: ClassName=MAIN Member=J16
Removed Member From Class: ClassName=MAIN Member=J17
Removed Member From Class: ClassName=MAIN Member=J22
Removed Member From Class: ClassName=MAIN Member=J23
Removed Member From Class: ClassName=MAIN Member=J24
Removed Member From Class: ClassName=MAIN Member=J25
Removed Member From Class: ClassName=MAIN Member=J32
Removed Member From Class: ClassName=MAIN Member=J33
Removed Member From Class: ClassName=MAIN Member=J34
Removed Member From Class: ClassName=MAIN Member=J35
Removed Member From Class: ClassName=MAIN Member=J37
Removed Member From Class: ClassName=MAIN Member=J38
Removed Member From Class: ClassName=MAIN Member=J41
Removed Member From Class: ClassName=MAIN Member=J42
Removed Member From Class: ClassName=MAIN Member=J45
Removed Member From Class: ClassName=MAIN Member=J46
Removed Member From Class: ClassName=MAIN Member=J48
Removed Member From Class: ClassName=MAIN Member=J49
Removed Member From Class: ClassName=MAIN Member=J50
Removed Member From Class: ClassName=MAIN Member=J54
Removed Member From Class: ClassName=MAIN Member=J55
Removed Member From Class: ClassName=MAIN Member=J56
Removed Member From Class: ClassName=MAIN Member=J67
Removed Member From Class: ClassName=MAIN Member=J69
Removed Member From Class: ClassName=MAIN Member=J71
Removed Member From Class: ClassName=MAIN Member=J73
Removed Member From Class: ClassName=MAIN Member=R8
Removed Member From Class: ClassName=MAIN Member=R19
Removed Member From Class: ClassName=MAIN Member=R22
Removed Member From Class: ClassName=MAIN Member=R26
Removed Member From Class: ClassName=MAIN Member=R28
Removed Member From Class: ClassName=MAIN Member=R33
Removed Member From Class: ClassName=MAIN Member=R34
Removed Member From Class: ClassName=MAIN Member=R35
Removed Member From Class: ClassName=MAIN Member=R36
Removed Member From Class: ClassName=MAIN Member=R39
Removed Member From Class: ClassName=MAIN Member=R40
Removed Member From Class: ClassName=MAIN Member=R43
Removed Member From Class: ClassName=MAIN Member=R44
Removed Member From Class: ClassName=MAIN Member=R45
Removed Member From Class: ClassName=MAIN Member=R46
Removed Member From Class: ClassName=MAIN Member=R53
Removed Member From Class: ClassName=MAIN Member=R54
Removed Member From Class: ClassName=MAIN Member=R55
Removed Member From Class: ClassName=MAIN Member=R56
Removed Member From Class: ClassName=MAIN Member=R57
Removed Member From Class: ClassName=MAIN Member=R58
Removed Member From Class: ClassName=MAIN Member=R59
Removed Member From Class: ClassName=MAIN Member=R61
Removed Member From Class: ClassName=MAIN Member=R62
Removed Member From Class: ClassName=MAIN Member=R63
Removed Member From Class: ClassName=MAIN Member=R69
Removed Member From Class: ClassName=MAIN Member=R70
Removed Member From Class: ClassName=MAIN Member=R71
Removed Member From Class: ClassName=MAIN Member=R72
Removed Member From Class: ClassName=MAIN Member=R73
Removed Member From Class: ClassName=MAIN Member=R74
Removed Member From Class: ClassName=MAIN Member=R76
Removed Member From Class: ClassName=MAIN Member=R77
Removed Member From Class: ClassName=MAIN Member=R78
Removed Member From Class: ClassName=MAIN Member=R79
Removed Member From Class: ClassName=MAIN Member=R80
Removed Member From Class: ClassName=MAIN Member=R81
Removed Member From Class: ClassName=MAIN Member=R83
Removed Member From Class: ClassName=MAIN Member=R84
Removed Member From Class: ClassName=MAIN Member=R85
Removed Member From Class: ClassName=MAIN Member=R118
Removed Member From Class: ClassName=MAIN Member=R124
Removed Member From Class: ClassName=MAIN Member=R125
Removed Member From Class: ClassName=MAIN Member=R126
Removed Member From Class: ClassName=MAIN Member=R127
Removed Member From Class: ClassName=PWR Member=+3V3_A
Removed Member From Class: ClassName=PWR Member=+3V3
Removed Member From Class: ClassName=PWR Member=+9V
Removed Member From Class: ClassName=PWR Member=+VBAT_MOTOR1
Removed Member From Class: ClassName=PWR Member=+VBAT_MOTOR2
Removed Member From Class: ClassName=PWR Member=+VBAT
Removed Member From Class: ClassName=HF Member=\CS_RADIO
Removed Member From Class: ClassName=HF Member=AEROCONTACT
Removed Member From Class: ClassName=HF Member=CLK_SD
Removed Member From Class: ClassName=HF Member=CMD_SD
Removed Member From Class: ClassName=HF Member=DATA0_SD
Removed Member From Class: ClassName=HF Member=DATA1_SD
Removed Member From Class: ClassName=HF Member=DATA2_SD
Removed Member From Class: ClassName=HF Member=DATA3_SD
Removed Member From Class: ClassName=PWR Member=HOT_L_MOTOR1
Removed Member From Class: ClassName=PWR Member=HOT_L_MOTOR2
Removed Member From Class: ClassName=PWR Member=HOT_L_MOTOR3
Removed Member From Class: ClassName=PWR Member=HOT_L_MOTOR4
Removed Member From Class: ClassName=PWR Member=HOT_R_MOTOR1
Removed Member From Class: ClassName=PWR Member=HOT_R_MOTOR2
Removed Member From Class: ClassName=PWR Member=HOT_R_MOTOR3
Removed Member From Class: ClassName=PWR Member=HOT_R_MOTOR4
Removed Member From Class: ClassName=HF Member=INT_IMU
Removed Member From Class: ClassName=HF Member=MOSI_RADIO
Removed Member From Class: ClassName=PWR Member=NetC3_1
Removed Member From Class: ClassName=HF Member=NetC33_1
Removed Member From Class: ClassName=HF Member=NetC33_2
Removed Member From Class: ClassName=HF Member=NetC34_1
Removed Member From Class: ClassName=HF Member=NetC34_2
Removed Member From Class: ClassName=HF Member=NetC36_1
Removed Member From Class: ClassName=HF Member=NetC36_2
Removed Member From Class: ClassName=HF Member=NetC37_1
Removed Member From Class: ClassName=PWR Member=NetC55_MOTOR1_2
Removed Member From Class: ClassName=PWR Member=NetC55_MOTOR2_2
Removed Member From Class: ClassName=PWR Member=NetC55_MOTOR3_2
Removed Member From Class: ClassName=PWR Member=NetC55_MOTOR4_2
Removed Member From Class: ClassName=PWR Member=NetC58_MOTOR1_2
Removed Member From Class: ClassName=PWR Member=NetC58_MOTOR2_2
Removed Member From Class: ClassName=PWR Member=NetC58_MOTOR3_2
Removed Member From Class: ClassName=PWR Member=NetC58_MOTOR4_2
Removed Member From Class: ClassName=PWR Member=NetF1_2
Removed Member From Class: ClassName=PWR Member=NetF2_2
Removed Member From Class: ClassName=PWR Member=NetF3_2
Removed Member From Class: ClassName=HF Member=NetIC7_MOTOR1_5
Removed Member From Class: ClassName=HF Member=NetIC7_MOTOR1_7
Removed Member From Class: ClassName=HF Member=NetIC7_MOTOR2_5
Removed Member From Class: ClassName=HF Member=NetIC7_MOTOR2_7
Removed Member From Class: ClassName=HF Member=NetIC7_MOTOR3_5
Removed Member From Class: ClassName=HF Member=NetIC7_MOTOR3_7
Removed Member From Class: ClassName=HF Member=NetIC7_MOTOR4_5
Removed Member From Class: ClassName=HF Member=NetIC7_MOTOR4_7
Removed Member From Class: ClassName=HF Member=NetIC8_MOTOR1_5
Removed Member From Class: ClassName=HF Member=NetIC8_MOTOR1_7
Removed Member From Class: ClassName=HF Member=NetIC8_MOTOR2_5
Removed Member From Class: ClassName=HF Member=NetIC8_MOTOR2_7
Removed Member From Class: ClassName=HF Member=NetIC8_MOTOR3_5
Removed Member From Class: ClassName=HF Member=NetIC8_MOTOR3_7
Removed Member From Class: ClassName=HF Member=NetIC8_MOTOR4_5
Removed Member From Class: ClassName=HF Member=NetIC8_MOTOR4_7
Removed Member From Class: ClassName=HF Member=NetIC9_11
Removed Member From Class: ClassName=HF Member=NetIC9_20
Removed Member From Class: ClassName=HF Member=NetIC9_21
Removed Member From Class: ClassName=HF Member=NetIC10_11
Removed Member From Class: ClassName=HF Member=NetIC10_12
Removed Member From Class: ClassName=HF Member=NetIC10_13
Removed Member From Class: ClassName=HF Member=NetIC10_14
Removed Member From Class: ClassName=HF Member=NetIC10_15
Removed Member From Class: ClassName=HF Member=NetIC10_16
Removed Member From Class: ClassName=HF Member=NetIC10_17
Removed Member From Class: ClassName=HF Member=NetIC10_18
Removed Member From Class: ClassName=HF Member=NetIC11_3
Removed Member From Class: ClassName=HF Member=NetIC11_6
Removed Member From Class: ClassName=HF Member=NetJ5_1
Removed Member From Class: ClassName=HF Member=NetJ10_1
Removed Member From Class: ClassName=HF Member=NetJ70_1
Removed Member From Class: ClassName=HF Member=NetJ71_1
Removed Member From Class: ClassName=HF Member=NetJ72_1
Removed Member From Class: ClassName=HF Member=NetJ73_1
Removed Member From Class: ClassName=HF Member=NetL1_1
Removed Member From Class: ClassName=HF Member=NetR20_1
Removed Member From Class: ClassName=HF Member=NetR21_2
Removed Member From Class: ClassName=HF Member=NetR34_1
Removed Member From Class: ClassName=HF Member=NetR39_1
Removed Member From Class: ClassName=HF Member=NetR40_1
Removed Member From Class: ClassName=HF Member=NetR43_1
Removed Member From Class: ClassName=HF Member=NetR44_1
Removed Member From Class: ClassName=HF Member=NetR45_1
Removed Member From Class: ClassName=HF Member=NetR46_1
Removed Member From Class: ClassName=HF Member=NetR51_1
Removed Member From Class: ClassName=HF Member=NetR53_2
Removed Member From Class: ClassName=HF Member=NetR54_1
Removed Member From Class: ClassName=HF Member=NetR55_1
Removed Member From Class: ClassName=HF Member=NetR56_2
Removed Member From Class: ClassName=HF Member=NetR61_2
Removed Member From Class: ClassName=HF Member=NetR69_2
Removed Member From Class: ClassName=HF Member=NetR79_2
Removed Member From Class: ClassName=HF Member=NetR83_2
Removed Member From Class: ClassName=HF Member=NetR84_2
Removed Member From Class: ClassName=HF Member=NetR85_2
Removed Member From Class: ClassName=HF Member=NetR103_2
Removed Member From Class: ClassName=HF Member=NetR104_2
Removed Member From Class: ClassName=HF Member=NetR118_2
Removed Member From Class: ClassName=HF Member=NetR124_2
Removed Member From Class: ClassName=HF Member=NetR125_2
Removed Member From Class: ClassName=HF Member=NetR126_2
Removed Member From Class: ClassName=HF Member=NetR127_2
Removed Member From Class: ClassName=HF Member=PWM_M1_CW_MOTOR1
Removed Member From Class: ClassName=HF Member=PWM_M1_CW_MOTOR2
Removed Member From Class: ClassName=HF Member=PWM_M1_CW_MOTOR3
Removed Member From Class: ClassName=HF Member=PWM_M1_CW_MOTOR4
Removed Member From Class: ClassName=HF Member=PWM_M1_NCW_MOTOR1
Removed Member From Class: ClassName=HF Member=PWM_M1_NCW_MOTOR2
Removed Member From Class: ClassName=HF Member=PWM_M1_NCW_MOTOR3
Removed Member From Class: ClassName=HF Member=PWM_M1_NCW_MOTOR4
Removed Member From Class: ClassName=HF Member=PWM_M1
Removed Member From Class: ClassName=HF Member=PWM_M2
Removed Member From Class: ClassName=HF Member=PWM_M3
Removed Member From Class: ClassName=HF Member=PWM_M4
Removed Member From Class: ClassName=HF Member=SCK_RADIO
Removed Member From Class: ClassName=HF Member=SDCLK
Removed Member From Class: ClassName=HF Member=SDCMD
Removed Member From Class: ClassName=HF Member=SDDATA0
Removed Member From Class: ClassName=HF Member=SDDATA1
Removed Member From Class: ClassName=HF Member=SDDATA2
Removed Member From Class: ClassName=HF Member=SDDATA3
Removed Member From Class: ClassName=PWR Member=shunt_M12_N
Removed Member From Class: ClassName=PWR Member=shunt_M12_P
Removed Member From Class: ClassName=PWR Member=shunt_M34_N
Removed Member From Class: ClassName=PWR Member=shunt_M34_P
Removed Member From Class: ClassName=PWR Member=shunt_SEQ_N
Removed Member From Class: ClassName=PWR Member=shunt_SEQ_P
Removed Member From Class: ClassName=HF Member=SWCLK
Removed Member From Class: ClassName=HF Member=SWDIO
Removed Member From Class: ClassName=HF Member=SWO
Removed Member From Class: ClassName=PWR Member=VCC_PWR_MOTOR1
Removed Member From Class: ClassName=PWR Member=VCC_PWR_MOTOR3
Removed Member From Class: ClassName=HF Member=XTAL_IN
Removed Member From Class: ClassName=HF Member=XTAL_OUT
Change Component Footprint: Designator=J3 Old Footprint=SAMTEC_TSW-106-05-L-S New Footprint=SAMTEC_TSW-103-05-G-S
Change Component Comment : Designator=J3 Old Comment=TSW-106-05-L-S New Comment=TSW-103-05-G-S
Change component parameters: Designator = "J3" ("J3"); Footprint = "SAMTEC_TSW-106-05-L-S"; UniqueID = "\OIJIXUXD" ("\OIJIXUXD")
Change component parameters (AddParameter): Name = "Availability"; Value = "Unavailable"; VariantName = "[No Variations]"
Change component parameters (AddParameter): Name = "MF"; Value = "{'manufacturer': u'Samtec Inc.'}"; VariantName = "[No Variations]"
Change component parameters (AddParameter): Name = "MP"; Value = "TSW-103-05-G-S"; VariantName = "[No Variations]"
Change component parameters (AddParameter): Name = "Package"; Value = "None"; VariantName = "[No Variations]"
Change component parameters (AddParameter): Name = "Price"; Value = "None"; VariantName = "[No Variations]"
Change component parameters (AddParameter): Name = "Value"; Value = ""; VariantName = "[No Variations]"
Added Pin To Net: NetName=MOT1H_CONN Pin=J2-03
Added Pin To Net: NetName=MOT1H_CONN Pin=J2-04
Added Net: Name=MOT1H_CONN
Added Pin To Net: NetName=MOT1L_CONN Pin=J2-01
Added Pin To Net: NetName=MOT1L_CONN Pin=J2-02
Added Net: Name=MOT1L_CONN
Added Pin To Net: NetName=MOT2H_CONN Pin=J30-03
Added Pin To Net: NetName=MOT2H_CONN Pin=J30-04
Added Net: Name=MOT2H_CONN
Added Pin To Net: NetName=MOT2L_CONN Pin=J30-01
Added Pin To Net: NetName=MOT2L_CONN Pin=J30-02
Added Net: Name=MOT2L_CONN
Added Pin To Net: NetName=MOT3H_CONN Pin=J43-03
Added Pin To Net: NetName=MOT3H_CONN Pin=J43-04
Added Net: Name=MOT3H_CONN
Added Pin To Net: NetName=MOT3L_CONN Pin=J43-01
Added Pin To Net: NetName=MOT3L_CONN Pin=J43-02
Added Net: Name=MOT3L_CONN
Added Pin To Net: NetName=MOT4H_CONN Pin=J51-03
Added Pin To Net: NetName=MOT4H_CONN Pin=J51-04
Added Net: Name=MOT4H_CONN
Added Pin To Net: NetName=MOT4L_CONN Pin=J51-01
Added Pin To Net: NetName=MOT4L_CONN Pin=J51-02
Added Net: Name=MOT4L_CONN
Added Member To Class: ClassName=MAIN Member=Component J3 TSW-103-05-G-S
Added Room: Name=MAIN
